<?xml version="1.0" encoding="utf-8"?><testsuites name="pytest tests"><testsuite name="pytest" errors="0" failures="0" skipped="0" tests="36" time="23.698" timestamp="2026-08-19T13:06:34.798526+00:00" hostname="agent-env-7e73e66e-3941-495d-8bc4-49c9026ed71e"><testcase classname="tests.test_iteration3" name="test_00_setup_owner_workspace" time="0.665" /><testcase classname="tests.test_iteration3" name="test_01_setup_invitees_all_roles" time="3.345" /><testcase classname="tests.test_iteration3" name="test_10_viewer_cannot_create_customer" time="0.071" /><testcase classname="tests.test_iteration3" name="test_11_viewer_cannot_create_deal" time="0.073" /><testcase classname="tests.test_iteration3" name="test_12_viewer_can_get_customers_and_deals" time="0.151" /><testcase classname="tests.test_iteration3" name="test_13_support_cannot_create_deal" time="0.069" /><testcase classname="tests.test_iteration3" name="test_14_support_can_create_ticket" time="0.141" /><testcase classname="tests.test_iteration3" name="test_15_support_can_update_ticket" time="0.094" /><testcase classname="tests.test_iteration3" name="test_20_owner_can_change_member_role" time="0.145" /><testcase classname="tests.test_iteration3" name="test_21_cannot_change_own_role" time="0.074" /><testcase classname="tests.test_iteration3" name="test_22_cannot_change_owner_role_by_admin" time="0.082" /><testcase classname="tests.test_iteration3" name="test_23_non_admin_cannot_change_role" time="0.142" /><testcase classname="tests.test_iteration3" name="test_24_owner_cannot_remove_self" time="0.068" /><testcase classname="tests.test_iteration3" name="test_25_cannot_remove_owner" time="0.070" /><testcase classname="tests.test_iteration3" name="test_26_owner_can_remove_member" time="0.726" /><testcase classname="tests.test_iteration3" name="test_30_get_settings_returns_pipeline_stages" time="0.089" /><testcase classname="tests.test_iteration3" name="test_31_settings_get_denied_for_viewer" time="0.069" /><testcase classname="tests.test_iteration3" name="test_32_update_settings_partial" time="0.136" /><testcase classname="tests.test_iteration3" name="test_33_update_settings_pipeline_stages" time="0.168" /><testcase classname="tests.test_iteration3" name="test_34_settings_rejects_duplicate_stage_ids" time="0.065" /><testcase classname="tests.test_iteration3" name="test_35_settings_manage_denied_for_manager" time="0.067" /><testcase classname="tests.test_iteration3" name="test_40_create_deal_new_fields" time="0.075" /><testcase classname="tests.test_iteration3" name="test_41_get_deals_includes_risk" time="0.068" /><testcase classname="tests.test_iteration3" name="test_42_risk_medium_or_high_after_stale" time="0.157" /><testcase classname="tests.test_iteration3" name="test_50_analytics_overview_shape" time="0.096" /><testcase classname="tests.test_iteration3" name="test_60_create_ticket_auto_number" time="0.138" /><testcase classname="tests.test_iteration3" name="test_61_list_tickets" time="0.076" /><testcase classname="tests.test_iteration3" name="test_62_update_ticket" time="0.138" /><testcase classname="tests.test_iteration3" name="test_63_ticket_stats_overview" time="0.074" /><testcase classname="tests.test_iteration3" name="test_64_delete_ticket_admin_only" time="0.174" /><testcase classname="tests.test_iteration3" name="test_70_audit_log_admin_only" time="0.138" /><testcase classname="tests.test_iteration3" name="test_71_audit_log_records_actions" time="0.073" /><testcase classname="tests.test_iteration3" name="test_80_copilot_returns_answer" time="10.468" /><testcase classname="tests.test_iteration3" name="test_81_copilot_denied_for_viewer" time="0.074" /><testcase classname="tests.test_iteration3" name="test_90_ai_score_lead" time="4.372" /><testcase classname="tests.test_iteration3" name="test_99_cross_tenant_blocked" time="0.425" /></testsuite></testsuites>