<?xml version="1.0" encoding="utf-8"?><testsuites name="pytest tests"><testsuite name="pytest" errors="0" failures="0" skipped="0" tests="21" time="8.682" timestamp="2026-08-19T11:58:20.505995+00:00" hostname="agent-env-7e73e66e-3941-495d-8bc4-49c9026ed71e"><testcase classname="tests.test_iteration2" name="test_00_setup_owner_and_ws" time="0.593" /><testcase classname="tests.test_iteration2" name="test_10_invite_generates_link_no_email" time="0.076" /><testcase classname="tests.test_iteration2" name="test_11_invite_send_email_true" time="2.983" /><testcase classname="tests.test_iteration2" name="test_12_get_invite_valid_token" time="0.070" /><testcase classname="tests.test_iteration2" name="test_13_get_invite_invalid_token" time="0.071" /><testcase classname="tests.test_iteration2" name="test_14_accept_invite_creates_user" time="0.295" /><testcase classname="tests.test_iteration2" name="test_15_invitee_can_login" time="0.292" /><testcase classname="tests.test_iteration2" name="test_16_invitee_is_member" time="0.072" /><testcase classname="tests.test_iteration2" name="test_20_task_assign_creates_notification" time="0.666" /><testcase classname="tests.test_iteration2" name="test_21_deal_stage_notifies_others" time="0.796" /><testcase classname="tests.test_iteration2" name="test_22_mark_single_read" time="0.142" /><testcase classname="tests.test_iteration2" name="test_23_mark_all_read" time="0.145" /><testcase classname="tests.test_iteration2" name="test_30_search_scoped" time="0.282" /><testcase classname="tests.test_iteration2" name="test_31_search_scoped_to_workspace" time="0.140" /><testcase classname="tests.test_iteration2" name="test_40_billing_plans" time="0.071" /><testcase classname="tests.test_iteration2" name="test_41_billing_subscription_defaults_starter" time="0.071" /><testcase classname="tests.test_iteration2" name="test_42_checkout_pro_returns_stripe_url" time="0.835" /><testcase classname="tests.test_iteration2" name="test_43_checkout_rejects_starter" time="0.073" /><testcase classname="tests.test_iteration2" name="test_44_checkout_rejects_free_plan" time="0.070" /><testcase classname="tests.test_iteration2" name="test_45_payments_status" time="0.385" /><testcase classname="tests.test_iteration2" name="test_46_payments_status_unknown_session" time="0.069" /></testsuite></testsuites>