<?xml version="1.0" encoding="utf-8"?><testsuites name="pytest tests"><testsuite name="pytest" errors="0" failures="0" skipped="0" tests="17" time="17.942" timestamp="2026-08-19T13:20:46.628270+00:00" hostname="agent-env-7e73e66e-3941-495d-8bc4-49c9026ed71e"><testcase classname="tests.test_iteration4" name="test_00_setup_owner_ws" time="0.503" /><testcase classname="tests.test_iteration4" name="test_01_setup_roles" time="2.547" /><testcase classname="tests.test_iteration4" name="test_10_import_preview_lead_shape" time="0.068" /><testcase classname="tests.test_iteration4" name="test_11_import_preview_customer" time="0.063" /><testcase classname="tests.test_iteration4" name="test_12_import_preview_viewer_403" time="0.071" /><testcase classname="tests.test_iteration4" name="test_13_import_execute_lead" time="0.128" /><testcase classname="tests.test_iteration4" name="test_14_import_execute_viewer_403" time="0.059" /><testcase classname="tests.test_iteration4" name="test_20_create_workflow_non_admin_403" time="0.128" /><testcase classname="tests.test_iteration4" name="test_21_owner_creates_workflow" time="0.062" /><testcase classname="tests.test_iteration4" name="test_22_list_workflows" time="0.064" /><testcase classname="tests.test_iteration4" name="test_23_update_workflow" time="0.067" /><testcase classname="tests.test_iteration4" name="test_30_lead_scored_fires_workflow" time="6.241" /><testcase classname="tests.test_iteration4" name="test_31_unreachable_condition_no_fire" time="4.780" /><testcase classname="tests.test_iteration4" name="test_40_deal_stage_workflow" time="1.315" /><testcase classname="tests.test_iteration4" name="test_50_cross_tenant_no_fire" time="1.104" /><testcase classname="tests.test_iteration4" name="test_60_delete_workflow" time="0.121" /><testcase classname="tests.test_iteration4" name="test_61_delete_workflow_non_admin_403" time="0.139" /></testsuite></testsuites>