<?xml version="1.0" encoding="utf-8"?><testsuites name="pytest tests"><testsuite name="pytest" errors="0" failures="0" skipped="0" tests="38" time="21.792" timestamp="2026-08-19T11:36:32.860874+00:00" hostname="agent-env-7e73e66e-3941-495d-8bc4-49c9026ed71e"><testcase classname="tests.backend_test" name="test_01_health" time="0.284" /><testcase classname="tests.backend_test" name="test_02_signup" time="0.293" /><testcase classname="tests.backend_test" name="test_03_signup_duplicate" time="0.062" /><testcase classname="tests.backend_test" name="test_04_login" time="0.287" /><testcase classname="tests.backend_test" name="test_05_login_invalid" time="0.284" /><testcase classname="tests.backend_test" name="test_06_me" time="0.062" /><testcase classname="tests.backend_test" name="test_07_me_no_auth" time="0.062" /><testcase classname="tests.backend_test" name="test_10_create_workspace" time="0.065" /><testcase classname="tests.backend_test" name="test_11_me_has_workspace" time="0.061" /><testcase classname="tests.backend_test" name="test_12_workspace_members" time="0.060" /><testcase classname="tests.backend_test" name="test_13_workspace_requires_membership" time="0.340" /><testcase classname="tests.backend_test" name="test_20_create_customer" time="0.063" /><testcase classname="tests.backend_test" name="test_21_list_customers" time="0.061" /><testcase classname="tests.backend_test" name="test_22_get_customer" time="0.067" /><testcase classname="tests.backend_test" name="test_23_update_customer" time="0.130" /><testcase classname="tests.backend_test" name="test_24_customer_search" time="0.062" /><testcase classname="tests.backend_test" name="test_25_customer_no_auth" time="0.059" /><testcase classname="tests.backend_test" name="test_30_create_lead" time="0.062" /><testcase classname="tests.backend_test" name="test_31_list_and_search_leads" time="0.059" /><testcase classname="tests.backend_test" name="test_32_update_lead" time="0.065" /><testcase classname="tests.backend_test" name="test_40_create_deal" time="0.086" /><testcase classname="tests.backend_test" name="test_41_list_deals" time="0.067" /><testcase classname="tests.backend_test" name="test_42_update_deal_stage" time="0.127" /><testcase classname="tests.backend_test" name="test_50_create_task" time="0.087" /><testcase classname="tests.backend_test" name="test_51_update_task" time="0.068" /><testcase classname="tests.backend_test" name="test_60_create_note" time="0.086" /><testcase classname="tests.backend_test" name="test_61_list_notes_with_author" time="0.062" /><testcase classname="tests.backend_test" name="test_70_activities" time="0.069" /><testcase classname="tests.backend_test" name="test_80_analytics" time="0.065" /><testcase classname="tests.backend_test" name="test_85_invite" time="0.346" /><testcase classname="tests.backend_test" name="test_86_viewer_cannot_delete" time="0.121" /><testcase classname="tests.backend_test" name="test_90_ai_score_lead" time="4.440" /><testcase classname="tests.backend_test" name="test_91_ai_summarize_customer" time="6.919" /><testcase classname="tests.backend_test" name="test_92_ai_sales_forecast" time="5.644" /><testcase classname="tests.backend_test" name="test_95_delete_task" time="0.061" /><testcase classname="tests.backend_test" name="test_96_delete_deal" time="0.059" /><testcase classname="tests.backend_test" name="test_97_delete_lead" time="0.063" /><testcase classname="tests.backend_test" name="test_98_delete_customer" time="0.117" /></testsuite></testsuites>